INFO:root:Getting image links of Query: mangoes on table
Number of Images: 10
Page Number: 1
INFO:root:Getting image links of Query: mangoes on table
Number of Images: 10
Page Number: 2
INFO:root:Getting image links of Query: mangoes on table
Number of Images: 10
Page Number: 3
INFO:root:Getting image links of Query: mangoes on table
Number of Images: 10
Page Number: 4
INFO:root:Getting image links of Query: mangoes on table
Number of Images: 10
Page Number: 5
INFO:root:Getting image links of Query: mangoes on table
Number of Images: 10
Page Number: 6
INFO:root:Getting image links of Query: mangoes on table
Number of Images: 10
Page Number: 7
INFO:root:Getting image links of Query: mangoes on table
Number of Images: 10
Page Number: 8
INFO:root:Getting image links of Query: mangoes on table
Number of Images: 10
Page Number: 10
INFO:root:Getting image links of Query: mangoes on table
Number of Images: 10
Page Number: 9
INFO:root:Getting image links of Query: mangoes on table
Number of Images: 10
Page Number: 11
INFO:root:Getting image links of Query: mangoes on table
Number of Images: 10
Page Number: 12
INFO:root:Getting image links of Query: mangoes on table
Number of Images: 10
Page Number: 13
INFO:root:Getting image links of Query: mangoes on table
Number of Images: 10
Page Number: 14
INFO:root:Getting image links of Query: mangoes on table
Number of Images: 10
Page Number: 16
INFO:root:Getting image links of Query: mangoes on table
Number of Images: 10
Page Number: 15
INFO:root:Getting image links of Query: mangoes on table
Number of Images: 10
Page Number: 1
INFO:root:Getting image links of Query: mangoes on table
Number of Images: 10
Page Number: 2
INFO:root:Getting image links of Query: mangoes on table
Number of Images: 10
Page Number: 3
INFO:root:Getting image links of Query: mangoes on table
Number of Images: 10
Page Number: 4
INFO:root:Getting image links of Query: mangoes on table
Number of Images: 10
Page Number: 5
INFO:root:Getting image links of Query: mangoes on table
Number of Images: 10
Page Number: 6
INFO:root:Getting image links of Query: mangoes on table
Number of Images: 10
Page Number: 7
INFO:root:Getting image links of Query: mangoes on table
Number of Images: 10
Page Number: 8
INFO:root:Getting image links of Query: mangoes on table
Number of Images: 10
Page Number: 9
INFO:root:Getting image links of Query: mangoes on table
Number of Images: 10
Page Number: 10
INFO:root:Getting image links of Query: mangoes on table
Number of Images: 10
Page Number: 11
INFO:root:Getting image links of Query: mangoes on table
Number of Images: 10
Page Number: 12
INFO:root:Getting image links of Query: mangoes on table
Number of Images: 10
Page Number: 13
INFO:root:Getting image links of Query: mangoes on table
Number of Images: 10
Page Number: 15
INFO:root:Getting image links of Query: mangoes on table
Number of Images: 10
Page Number: 16
INFO:root:Getting image links of Query: mangoes on table
Number of Images: 10
Page Number: 14
INFO:root:Getting image links of Query: mangoes on table
Number of Images: 10
Page Number: 1
INFO:root:Getting image links of Query: mangoes on table
Number of Images: 10
Page Number: 2
INFO:root:Getting image links of Query: mangoes on table
Number of Images: 10
Page Number: 3
INFO:root:Getting image links of Query: mangoes on table
Number of Images: 10
Page Number: 6
INFO:root:Getting image links of Query: mangoes on table
Number of Images: 10
Page Number: 4
INFO:root:Getting image links of Query: mangoes on table
Number of Images: 10
Page Number: 7
INFO:root:Getting image links of Query: mangoes on table
Number of Images: 10
Page Number: 5
INFO:root:Getting image links of Query: mangoes on table
Number of Images: 10
Page Number: 8
INFO:root:Getting image links of Query: mangoes on table
Number of Images: 10
Page Number: 9
INFO:root:Getting image links of Query: mangoes on table
Number of Images: 10
Page Number: 10
INFO:root:Getting image links of Query: mangoes on table
Number of Images: 10
Page Number: 11
INFO:root:Getting image links of Query: mangoes on table
Number of Images: 10
Page Number: 12
INFO:root:Getting image links of Query: mangoes on table
Number of Images: 10
Page Number: 13
INFO:root:Getting image links of Query: mangoes on table
Number of Images: 10
Page Number: 14
INFO:root:Getting image links of Query: mangoes on table
Number of Images: 10
Page Number: 16
INFO:root:Getting image links of Query: mangoes on table
Number of Images: 10
Page Number: 15
INFO:root:Getting image links of Query: mangoes on table
Number of Images: 10
Page Number: 1
INFO:root:Getting image links of Query: mangoes on table
Number of Images: 10
Page Number: 2
INFO:root:Getting image links of Query: mangoes on table
Number of Images: 10
Page Number: 3
INFO:root:Getting image links of Query: mangoes on table
Number of Images: 10
Page Number: 1
INFO:root:Getting image links of Query: mangoes on table
Number of Images: 10
Page Number: 2
INFO:root:Getting image links of Query: mangoes on table
Number of Images: 10
Page Number: 3
INFO:root:Getting image links of Query: mangoes on table
Number of Images: 10
Page Number: 1
INFO:root:Getting image links of Query: mangoes on table
Number of Images: 10
Page Number: 2
INFO:root:Getting image links of Query: mangoes on table
Number of Images: 10
Page Number: 3
INFO:root:Getting image links of Query: mangoes on table
Number of Images: 10
Page Number: 1
INFO:root:Getting image links of Query: mangoes on table
Number of Images: 10
Page Number: 2
INFO:root:Getting image links of Query: mangoes on table
Number of Images: 10
Page Number: 3
INFO:root:Getting image links of Query: mangoes on table
Number of Images: 10
Page Number: 2
INFO:root:Getting image links of Query: mangoes on table
Number of Images: 10
Page Number: 1
INFO:root:Getting image links of Query: mangoes on table
Number of Images: 10
Page Number: 1
INFO:root:Getting image links of Query: mangoes on table
Number of Images: 10
Page Number: 2
INFO:root:Getting image links of Query: mangoes on table
Number of Images: 10
Page Number: 1
INFO:root:Getting image links of Query: mangoes on table
Number of Images: 10
Page Number: 2
INFO:root:Getting image links of Query: mangoes on table
Number of Images: 10
Page Number: 1
INFO:root:Getting image links of Query: mangoes on table
Number of Images: 10
Page Number: 2
INFO:root:Getting image links of Query: mangoes on table
Number of Images: 10
Page Number: 1
INFO:root:Getting image links of Query: mangoes on table
Number of Images: 10
Page Number: 2
INFO:root:Getting image links of Query: mangoes on table
Number of Images: 10
Page Number: 1
INFO:root:Getting image links of Query: mangoes on table
Number of Images: 10
Page Number: 2
INFO:root:Saved image19: https://thumbs.dreamstime.com/b/four-whole-fruit-mangoes-wooden-table-large-juicy-bright-ripe-yellow-fruits-dark-background-four-whole-fruit-mangoes-174752286.jpg
INFO:root:Saved image19: https://images.everydayhealth.com/images/mangos-101-1440x810.jpg
INFO:root:Saved image19: https://media.istockphoto.com/id/1214410215/vector/mango-in-wood-crate-wood-crate-of-ripe-mango-on-wooden-table-copy-space-for-advertisement.jpg?s=612x612&w=0&k=20&c=5eHlyf3RTdXXIHDiQUzJlMBvAwthXYvMOyGAZKEJ8zA=
INFO:root:Saved image19: https://www.shutterstock.com/image-photo/basket-full-raw-ripe-mangoes-260nw-1756999661.jpg
INFO:root:Saved image19: https://img.freepik.com/premium-photo/mango-tropical-fruit-basket-leaf-wood-table-with-orchard-farm-background_268269-33.jpg?w=2000
INFO:root:Saved image19: https://www.shutterstock.com/image-photo/tropical-mango-fruit-basket-leaf-260nw-1923391811.jpg
INFO:root:Saved image19: https://www.shutterstock.com/image-photo/mango-on-blue-wooden-background-260nw-1210998463.jpg
INFO:root:Saved image19: https://thumbs.dreamstime.com/b/four-whole-fruit-mangoes-wooden-table-large-juicy-bright-ripe-yellow-fruits-dark-background-four-whole-fruit-mangoes-174752286.jpg
INFO:root:Saved image19: https://www.shutterstock.com/image-photo/mango-on-blue-wooden-background-260nw-1210998463.jpg
INFO:root:Saved image19: https://images.everydayhealth.com/images/mangos-101-1440x810.jpg
INFO:root:Saved image19: https://www.shutterstock.com/image-photo/basket-full-raw-ripe-mangoes-260nw-1756999661.jpg
INFO:root:Saved image19: https://www.shutterstock.com/image-photo/tropical-mango-fruit-basket-leaf-260nw-1923391811.jpg
INFO:root:Saved image19: https://img.freepik.com/premium-photo/mango-tropical-fruit-basket-leaf-wood-table-with-orchard-farm-background_268269-33.jpg?w=2000
INFO:root:Saved image19: https://cdn.shopify.com/s/files/1/0074/4885/4595/products/AC449E5E-2361-4BA3-ADE0-3726A379E1CE.jpg?v=1599681861
INFO:root:Saved image19: https://thumbs.dreamstime.com/z/group-mangoes-close-up-picture-yellow-ripen-mango-fruit-randomly-placed-table-120488078.jpg
INFO:root:Saved image19: https://cdn.shopify.com/s/files/1/1140/7574/products/SIE-A15905_01CM-A_1024x1024@2x.jpg?v=1610399309
INFO:root:Saved image19: https://cdn.shopify.com/s/files/1/1140/7574/products/SIE-A15905_01CM-A_1024x1024@2x.jpg?v=1610399309
INFO:root:Saved image19: http://cdn.shopify.com/s/files/1/0074/4885/4595/products/145F9CEC-7057-4801-A715-AD8E9909001F_1200x1200.jpg?v=1644270245
INFO:root:Saved image19: https://cdn.shopify.com/s/files/1/0074/4885/4595/products/AC449E5E-2361-4BA3-ADE0-3726A379E1CE.jpg?v=1599681861
INFO:root:Saved image19: http://cdn.shopify.com/s/files/1/0074/4885/4595/products/145F9CEC-7057-4801-A715-AD8E9909001F_1200x1200.jpg?v=1644270245
INFO:root:Getting image links of Query: oranges on table
Number of Images: 10
Page Number: 1
INFO:root:Getting image links of Query: oranges on table
Number of Images: 10
Page Number: 2
INFO:root:Saved image19: https://media.istockphoto.com/id/1202118067/photo/styled-stock-photo-decorative-summer-fruit-composition-whole-and-sliced-orange-tangerines.jpg?s=612x612&w=0&k=20&c=YPvopGXJA7ZS5uYrW7_Kfh_MRJp3m2L93QPgeBcToYk=
INFO:root:Saved image19: https://media.istockphoto.com/id/1179828283/photo/oranges-on-wood-background.jpg?s=612x612&w=0&k=20&c=XdQi110D1RU2uOuyUP-1SD6roXO7mL2-JOjxDyvaqck=
INFO:root:Saved image19: https://media.istockphoto.com/id/618848774/photo/orange-isolated-on-wood-background.jpg?s=612x612&w=0&k=20&c=r0i6ls_En1dHGhgkvdX3PYX1Kz9ir432q0FyrqaSWxY=
INFO:root:Saved image19: https://snaped.fns.usda.gov/sites/default/files/styles/crop_ratio_7_5/public/seasonal-produce/2018-05/oranges.jpg?itok=iw6d6Ial
INFO:root:Saved image19: https://media.istockphoto.com/id/1125299703/photo/orange-branch-with-orange-fruits-shot-on-rustic-wooden-table.jpg?b=1&s=612x612&w=0&k=20&c=eRFT1Fa4czHyBIlFU7JvTeFk5yQDrZnirdLSiqUlWcI=
INFO:root:Saved image19: https://st2.depositphotos.com/1024400/9727/i/950/depositphotos_97270992-stock-photo-mandarin-oranges-on-the-table.jpg
INFO:root:Saved image19: https://snaped.fns.usda.gov/sites/default/files/styles/crop_ratio_7_5/public/seasonal-produce/2018-05/oranges.jpg?itok=iw6d6Ial
INFO:root:Saved image19: https://st2.depositphotos.com/1024400/9727/i/950/depositphotos_97270992-stock-photo-mandarin-oranges-on-the-table.jpg
INFO:root:Saved image19: https://media.istockphoto.com/id/1179828283/photo/oranges-on-wood-background.jpg?s=612x612&w=0&k=20&c=XdQi110D1RU2uOuyUP-1SD6roXO7mL2-JOjxDyvaqck=
INFO:root:Saved image19: https://media.istockphoto.com/id/507211972/photo/group-of-oranges-on-basket-and-wooden-table-in-field.jpg?s=612x612&w=0&k=20&c=KRRveYCwAO54JAeo1tg91s6TXuMWpib2tU4sJpth8vU=
INFO:root:Saved image19: https://media.istockphoto.com/id/618848774/photo/orange-isolated-on-wood-background.jpg?s=612x612&w=0&k=20&c=r0i6ls_En1dHGhgkvdX3PYX1Kz9ir432q0FyrqaSWxY=
INFO:root:Saved image19: https://www.shutterstock.com/image-photo/orange-fruits-on-wooden-background-260nw-1906498348.jpg
INFO:root:Saved image19: https://media.istockphoto.com/id/1125299703/photo/orange-branch-with-orange-fruits-shot-on-rustic-wooden-table.jpg?b=1&s=612x612&w=0&k=20&c=eRFT1Fa4czHyBIlFU7JvTeFk5yQDrZnirdLSiqUlWcI=
INFO:root:Saved image19: https://media.istockphoto.com/id/507211972/photo/group-of-oranges-on-basket-and-wooden-table-in-field.jpg?s=612x612&w=0&k=20&c=KRRveYCwAO54JAeo1tg91s6TXuMWpib2tU4sJpth8vU=
INFO:root:Saved image19: https://www.shutterstock.com/image-photo/orange-fruits-on-wooden-background-260nw-1906498348.jpg
INFO:root:Saved image19: https://st2.depositphotos.com/1001069/10535/i/950/depositphotos_105352436-stock-photo-fresh-oranges-on-wooden-table.jpg
INFO:root:Saved image19: https://images.fineartamerica.com/images/artworkimages/mediumlarge/3/fresh-oranges-on-a-table-with-a-green-background-bernard-jaubert.jpg
INFO:root:Saved image19: https://images.fineartamerica.com/images/artworkimages/mediumlarge/3/fresh-oranges-on-a-table-with-a-green-background-bernard-jaubert.jpg
INFO:root:Saved image19: https://previews.123rf.com/images/jazzz923/jazzz9231507/jazzz923150700097/42022226-orange-half-of-orange-orange-lobule-and-basket-with-oranges-on-the-wooden-table-on-the-green-blurred.jpg
INFO:root:Saved image19: https://previews.123rf.com/images/jazzz923/jazzz9231507/jazzz923150700097/42022226-orange-half-of-orange-orange-lobule-and-basket-with-oranges-on-the-wooden-table-on-the-green-blurred.jpg
